=== Отчет о дублирующихся правилах ===
Дата генерации: 2025-07-14 13:02
Всего дубликатов: 556
Общее количество повторений: 1112

2x mail.ru#@#.mailru-visibility-check
2x mail.ru#@#.tgb-wrapper
2x rompishvariola.com
2x yamanaisleepry.com
2x deckerenacts.com
2x hoopersnonpoet.com
2x yocksniacins.com
2x urgingslaurae.com
2x honkoutsing.com
2x dhpikd1t89arn.cloudfront.net
2x snippets.mozilla.com
2x widgets.recruitology.com
2x platform.loyaltylion.com
2x widgets.sprinkletxt.com
2x push.esputnik.com
2x paywall.forbes.ua
2x d9etzk30b05yg.cloudfront.net
2x subscriptions.rambler.ru
2x browser-updater.yandex.net
2x widget.beop.io
2x push.reamaze.com
2x d15r06k2ko210l.cloudfront.net
2x push.newscraft.io
2x integrate.thrive.today
2x push.delivery.ethinking.de
2x push.asahiinteractive.com
2x push.knd.ro
2x widget.justwatch.com
2x api.myadsget.com
2x ultraadserver.com
2x bannerwall.herewetest.com
2x alt-ad.mail.ru
2x ad.flipboard.com
2x admixer.net
2x i.skimresources.com
2x contextualadv.com
2x socdm.com
2x api-ad-callback.mobiuspace.net
2x assoc-amazon.com
2x mgage.com
2x tnc16-alisg.isnssdk.com
2x bi.yeshen.com
2x pontiflex.com
2x adsmrapi.imbc.com
2x innovid.com
2x ads-router-noneu.truecaller.com
2x everestop.io
2x unityads.unity3d.com
2x adhitzads.com
2x fiksu.com
2x amobee.com
2x intowow.com
2x holder.com.ua
2x celtra.com
2x intermarkets.net
2x debojuagug1sf.cloudfront.net
2x cl-ad.x-flow.app
2x adentifi.com
2x pangolin16.isnssdk.com
2x iads.unity3d.com
2x p16-ad.byteoversea.com
2x mobilefuse.com
2x tw-api.vpon.com
2x saymedia.com
2x tradeadexchange.com
2x inmobi.com
2x ads-sdk.mattel163.com
2x httpool.com
2x nexac.com
2x gumgum.com
2x adproxy.tf1.fr
2x log.kajicam.com
2x newsnet.in.ua
2x trc.taboola.com
2x adsassets.waze.com
2x behacdn.ksmobile.net
2x adtorque.in
2x admedia.com
2x ad.simpledesign.ltd
2x aag.yahooapis.jp
2x crosspromotion.weplayer.cc
2x xdrig.com
2x ad-api.ehawk.com
2x ads.appsgeyser.com
2x cdn-ad.wtzw.com
2x ads-gdl.imovideo.ru
2x blogads.com
2x bannerwall.s3.appcnt.com
2x bannerflow.com
2x phluant.com
2x ad.daum.net
2x newfeatureview.perfectionholic.com
2x goshare-fleet-ads.s3.ap-southeast-1.amazonaws.com
2x aqi.wd.amberweather.com
2x mimicromax.com
2x prod.cm.publishers.advertising.a2z.com
2x mobile-campaigns.avast.com
2x wordego.com
2x c.vrvm.com
2x pgdt.gtimg.cn
